<?xml version="1.0" encoding="UTF-8"?>
<testsuite xmlns:xsi="http://www.w3.org/2001/XMLSchema-instance" xsi:noNamespaceSchemaLocation="https://maven.apache.org/surefire/maven-surefire-plugin/xsd/surefire-test-report.xsd" name="ru.netology.stats.StatsServiceTest" time="0" tests="5" errors="0" skipped="0" failures="1">
  <properties>
[...]
</properties>
  <testcase name="minSales" classname="ru.netology.stats.StatsServiceTest" time="0"/>
  <testcase name="averageAmount" classname="ru.netology.stats.StatsServiceTest" time="0"/>
  <testcase name="belowAverageSales" classname="ru.netology.stats.StatsServiceTest" time="0">
    <failure message="expected: &lt;5&gt; but was: &lt;2&gt;" type="org.opentest4j.AssertionFailedError"><![CDATA[org.opentest4j.AssertionFailedError: expected: <5> but was: <2>
	at ru.netology.stats.StatsServiceTest.belowAverageSales(StatsServiceTest.java:51)
]]></failure>
  </testcase>
  <testcase name="maxSales" classname="ru.netology.stats.StatsServiceTest" time="0"/>
  <testcase name="calculateSum" classname="ru.netology.stats.StatsServiceTest" time="0"/>
</testsuite>